mode: set
github.com/domenicwalther/rubikon/backend/cmd/main.go:9.13,20.2 5 0
github.com/domenicwalther/rubikon/backend/cmd/routes.go:9.34,12.72 2 0
github.com/domenicwalther/rubikon/backend/cmd/routes.go:12.72,14.3 1 0
github.com/domenicwalther/rubikon/backend/cmd/routes.go:15.2,18.45 4 0
github.com/domenicwalther/rubikon/backend/database/database.go:20.18,32.16 3 0
github.com/domenicwalther/rubikon/backend/database/database.go:32.16,35.3 2 0
github.com/domenicwalther/rubikon/backend/database/database.go:37.2,42.25 5 0
github.com/domenicwalther/rubikon/backend/middleware/jwt.go:20.34,22.2 1 0
github.com/domenicwalther/rubikon/backend/middleware/jwt.go:23.36,24.34 1 0
github.com/domenicwalther/rubikon/backend/middleware/jwt.go:24.34,26.17 2 0
github.com/domenicwalther/rubikon/backend/middleware/jwt.go:26.17,30.4 1 0
github.com/domenicwalther/rubikon/backend/middleware/jwt.go:31.3,32.10 2 0
github.com/domenicwalther/rubikon/backend/middleware/jwt.go:32.10,36.4 1 0
github.com/domenicwalther/rubikon/backend/middleware/jwt.go:38.3,39.10 2 0
github.com/domenicwalther/rubikon/backend/middleware/jwt.go:39.10,43.4 1 0
github.com/domenicwalther/rubikon/backend/middleware/jwt.go:45.3,46.10 2 0
github.com/domenicwalther/rubikon/backend/middleware/jwt.go:46.10,50.4 1 0
github.com/domenicwalther/rubikon/backend/middleware/jwt.go:52.3,55.18 3 0
github.com/domenicwalther/rubikon/backend/middleware/jwt.go:60.56,62.22 2 0
github.com/domenicwalther/rubikon/backend/middleware/jwt.go:62.22,64.3 1 0
github.com/domenicwalther/rubikon/backend/middleware/jwt.go:66.2,67.45 2 0
github.com/domenicwalther/rubikon/backend/middleware/jwt.go:67.45,69.3 1 0
github.com/domenicwalther/rubikon/backend/middleware/jwt.go:71.2,74.16 3 0
github.com/domenicwalther/rubikon/backend/middleware/jwt.go:74.16,76.3 1 0
github.com/domenicwalther/rubikon/backend/middleware/jwt.go:78.2,78.27 1 0
github.com/domenicwalther/rubikon/backend/middleware/jwt.go:80.58,87.40 3 0
github.com/domenicwalther/rubikon/backend/middleware/jwt.go:87.40,89.4 1 0
github.com/domenicwalther/rubikon/backend/middleware/jwt.go:96.2,98.16 2 0
github.com/domenicwalther/rubikon/backend/middleware/jwt.go:98.16,100.3 1 0
github.com/domenicwalther/rubikon/backend/middleware/jwt.go:102.2,104.16 3 0
github.com/domenicwalther/rubikon/backend/middleware/jwt.go:104.16,107.3 2 0
github.com/domenicwalther/rubikon/backend/middleware/jwt.go:109.2,109.67 1 0
github.com/domenicwalther/rubikon/backend/middleware/jwt.go:109.67,115.24 4 0
github.com/domenicwalther/rubikon/backend/middleware/jwt.go:115.24,118.4 2 0
github.com/domenicwalther/rubikon/backend/middleware/jwt.go:120.3,120.24 1 0
github.com/domenicwalther/rubikon/backend/middleware/jwt.go:120.24,123.4 2 0
github.com/domenicwalther/rubikon/backend/middleware/jwt.go:124.3,125.20 2 0
github.com/domenicwalther/rubikon/backend/middleware/jwt.go:126.8,129.3 2 0
github.com/domenicwalther/rubikon/backend/database/database.go:20.18,32.16 3 0
github.com/domenicwalther/rubikon/backend/database/database.go:32.16,35.3 2 0
github.com/domenicwalther/rubikon/backend/database/database.go:37.2,42.25 5 0
github.com/domenicwalther/rubikon/backend/handlers/streaks.go:24.46,30.52 4 0
github.com/domenicwalther/rubikon/backend/handlers/streaks.go:30.52,32.3 1 0
github.com/domenicwalther/rubikon/backend/handlers/streaks.go:33.2,34.16 2 0
github.com/domenicwalther/rubikon/backend/handlers/streaks.go:34.16,36.3 1 0
github.com/domenicwalther/rubikon/backend/handlers/streaks.go:37.2,37.30 1 0
github.com/domenicwalther/rubikon/backend/handlers/streaks.go:37.30,39.3 1 0
github.com/domenicwalther/rubikon/backend/handlers/streaks.go:40.2,40.84 1 0
github.com/domenicwalther/rubikon/backend/handlers/streaks.go:42.19,43.60 1 0
github.com/domenicwalther/rubikon/backend/handlers/streaks.go:45.15,47.17 2 0
github.com/domenicwalther/rubikon/backend/handlers/streaks.go:47.17,49.4 1 0
github.com/domenicwalther/rubikon/backend/handlers/streaks.go:50.3,50.57 1 0
github.com/domenicwalther/rubikon/backend/handlers/streaks.go:52.2,58.37 6 0
github.com/domenicwalther/rubikon/backend/handlers/streaks.go:61.64,65.2 3 0
github.com/domenicwalther/rubikon/backend/handlers/streaks.go:67.64,70.23 3 0
github.com/domenicwalther/rubikon/backend/handlers/streaks.go:70.23,72.3 1 0
github.com/domenicwalther/rubikon/backend/handlers/streaks.go:73.2,73.19 1 0
github.com/domenicwalther/rubikon/backend/handlers/streaks.go:76.58,78.16 2 1
github.com/domenicwalther/rubikon/backend/handlers/streaks.go:78.16,80.3 1 0
github.com/domenicwalther/rubikon/backend/handlers/streaks.go:82.2,85.83 4 1
github.com/domenicwalther/rubikon/backend/handlers/streaks.go:85.83,87.3 1 1
github.com/domenicwalther/rubikon/backend/handlers/streaks.go:87.8,87.85 1 1
github.com/domenicwalther/rubikon/backend/handlers/streaks.go:87.85,89.3 1 1
github.com/domenicwalther/rubikon/backend/handlers/streaks.go:89.8,91.3 1 1
github.com/domenicwalther/rubikon/backend/handlers/streaks.go:94.47,100.2 4 0
github.com/domenicwalther/rubikon/backend/handlers/streaks.go:102.60,111.2 7 0
github.com/domenicwalther/rubikon/backend/handlers/streaks.go:113.63,118.2 4 0
github.com/domenicwalther/rubikon/backend/handlers/streaks.go:119.62,124.25 3 0
github.com/domenicwalther/rubikon/backend/handlers/streaks.go:124.25,125.54 1 0
github.com/domenicwalther/rubikon/backend/handlers/streaks.go:125.54,127.4 1 0
github.com/domenicwalther/rubikon/backend/handlers/streaks.go:127.9,129.4 1 0
github.com/domenicwalther/rubikon/backend/handlers/streaks.go:132.2,132.28 1 0
github.com/domenicwalther/rubikon/backend/handlers/streaks.go:135.54,141.2 4 0
github.com/domenicwalther/rubikon/backend/handlers/users.go:25.37,35.48 4 0
github.com/domenicwalther/rubikon/backend/handlers/users.go:35.48,39.3 1 0
github.com/domenicwalther/rubikon/backend/handlers/users.go:40.2,43.33 3 0
github.com/domenicwalther/rubikon/backend/handlers/users.go:46.34,51.2 3 0
github.com/domenicwalther/rubikon/backend/handlers/users.go:53.38,58.2 4 0
github.com/domenicwalther/rubikon/backend/handlers/users.go:60.38,65.32 4 0
github.com/domenicwalther/rubikon/backend/handlers/users.go:65.32,67.3 1 0
github.com/domenicwalther/rubikon/backend/handlers/users.go:68.2,69.32 2 0
github.com/domenicwalther/rubikon/backend/handlers/users.go:69.32,71.3 1 0
github.com/domenicwalther/rubikon/backend/handlers/users.go:73.2,75.27 2 0
github.com/domenicwalther/rubikon/backend/handlers/users.go:75.27,77.54 2 0
github.com/domenicwalther/rubikon/backend/handlers/users.go:77.54,81.4 2 0
github.com/domenicwalther/rubikon/backend/handlers/users.go:84.2,84.38 1 0
github.com/domenicwalther/rubikon/backend/handlers/users.go:88.45,90.29 2 0
github.com/domenicwalther/rubikon/backend/handlers/users.go:90.29,92.3 1 0
github.com/domenicwalther/rubikon/backend/handlers/users.go:93.2,93.40 1 0
github.com/domenicwalther/rubikon/backend/handlers/users.go:96.75,102.2 3 0
github.com/domenicwalther/rubikon/backend/handlers/users.go:104.69,107.16 3 0
github.com/domenicwalther/rubikon/backend/handlers/users.go:107.16,109.3 1 0
github.com/domenicwalther/rubikon/backend/handlers/users.go:110.2,115.16 5 0
github.com/domenicwalther/rubikon/backend/handlers/users.go:115.16,118.3 2 0
github.com/domenicwalther/rubikon/backend/handlers/users.go:119.2,122.16 3 0
github.com/domenicwalther/rubikon/backend/handlers/users.go:122.16,125.3 2 0
github.com/domenicwalther/rubikon/backend/handlers/users.go:126.2,129.16 3 0
github.com/domenicwalther/rubikon/backend/handlers/users.go:129.16,132.3 2 0
github.com/domenicwalther/rubikon/backend/handlers/users.go:133.2,136.16 3 0
github.com/domenicwalther/rubikon/backend/handlers/users.go:136.16,139.3 2 0
github.com/domenicwalther/rubikon/backend/handlers/users.go:140.2,141.19 2 0
